F:\TCP\TALK2MESERVER\TALK2MESERVER\DEBUG\TALK2MESERVER.PCH
F:\TCP\TALK2MESERVER\TALK2MESERVER\DEBUG\STDAFX.OBJ
F:\TCP\TALK2MESERVER\TALK2MESERVER\DEBUG\VC110.PDB
F:\TCP\TALK2MESERVER\TALK2MESERVER\DEBUG\SETSERVERIPPORT.OBJ
F:\TCP\TALK2MESERVER\TALK2MESERVER\DEBUG\TALK2MESERVER.OBJ
F:\TCP\TALK2MESERVER\TALK2MESERVER\DEBUG\TALK2MESERVERDLG.OBJ
F:\TCP\TALK2MESERVER\TALK2MESERVER\DEBUG\TALK2MESERVER.RES
F:\TCP\TALK2MESERVER\TALK2MESERVER\Debug\SetServerIpPort.obj
F:\TCP\TALK2MESERVER\TALK2MESERVER\Debug\stdafx.obj
F:\TCP\TALK2MESERVER\TALK2MESERVER\Debug\TALK2MESERVER.obj
F:\TCP\TALK2MESERVER\TALK2MESERVER\Debug\TALK2MESERVERDlg.obj
F:\TCP\TALK2MESERVER\TALK2MESERVER\Debug\msado15.tli
F:\TCP\TALK2MESERVER\TALK2MESERVER\Debug\msado15.tlh
F:\TCP\TALK2MESERVER\TALK2MESERVER\Debug\cl.command.1.tlog
F:\TCP\TALK2MESERVER\TALK2MESERVER\Debug\CL.read.1.tlog
F:\TCP\TALK2MESERVER\TALK2MESERVER\Debug\CL.write.1.tlog
F:\TCP\TALK2MESERVER\TALK2MESERVER\Debug\link.command.1.tlog
F:\TCP\TALK2MESERVER\TALK2MESERVER\Debug\link.read.1.tlog
F:\TCP\TALK2MESERVER\TALK2MESERVER\Debug\link.write.1.tlog
F:\TCP\TALK2MESERVER\TALK2MESERVER\Debug\rc.command.1.tlog
F:\TCP\TALK2MESERVER\TALK2MESERVER\Debug\rc.read.1.tlog
F:\TCP\TALK2MESERVER\TALK2MESERVER\Debug\rc.write.1.tlog
F:\TCP\TALK2MESERVER\TALK2MESERVER\Debug\TALK2MESERVER.res
F:\TCP\TALK2MESERVER\TALK2MESERVER\Debug\TALK2MESERVER.pch
F:\TCP\TALK2MESERVER\TALK2MESERVER\Debug\vc110.idb
F:\TCP\TALK2MESERVER\TALK2MESERVER\Debug\vc110.pdb
